<?xml version="1.0" encoding="utf-8"?><testsuites name="pytest tests"><testsuite name="pytest" errors="0" failures="0" skipped="0" tests="29" time="0.661" timestamp="2026-06-20T17:06:02.257605+00:00" hostname="agent-env-e218894e-481e-4300-ad3a-15fa19b99c0c"><testcase classname="backend.tests.test_lancely_backend.TestHealth" name="test_health_ok" time="0.004" /><testcase classname="backend.tests.test_lancely_backend.TestHealth" name="test_api_root" time="0.001" /><testcase classname="backend.tests.test_lancely_backend.TestAuth" name="test_login_review" time="0.060" /><testcase classname="backend.tests.test_lancely_backend.TestAuth" name="test_login_wrong_password" time="0.058" /><testcase classname="backend.tests.test_lancely_backend.TestAuth" name="test_register_new" time="0.060" /><testcase classname="backend.tests.test_lancely_backend.TestAuth" name="test_register_duplicate" time="0.060" /><testcase classname="backend.tests.test_lancely_backend.TestAuth" name="test_demo_session" time="0.002" /><testcase classname="backend.tests.test_lancely_backend.TestAuth" name="test_me_with_token" time="0.059" /><testcase classname="backend.tests.test_lancely_backend.TestAuth" name="test_me_without_token" time="0.001" /><testcase classname="backend.tests.test_lancely_backend.TestAuth" name="test_update_me" time="0.061" /><testcase classname="backend.tests.test_lancely_backend.TestAuth" name="test_delete_me_then_me_401" time="0.061" /><testcase classname="backend.tests.test_lancely_backend.TestApple" name="test_apple_empty_token" time="0.002" /><testcase classname="backend.tests.test_lancely_backend.TestCurrencies" name="test_list_currencies" time="0.001" /><testcase classname="backend.tests.test_lancely_backend.TestClients" name="test_list_clients_seed_count" time="0.002" /><testcase classname="backend.tests.test_lancely_backend.TestClients" name="test_create_get_update_delete" time="0.009" /><testcase classname="backend.tests.test_lancely_backend.TestProjects" name="test_list_projects_seed_count" time="0.002" /><testcase classname="backend.tests.test_lancely_backend.TestProjects" name="test_project_lifecycle" time="0.008" /><testcase classname="backend.tests.test_lancely_backend.TestQuotations" name="test_list_quotations_seed" time="0.002" /><testcase classname="backend.tests.test_lancely_backend.TestQuotations" name="test_create_status_delete" time="0.008" /><testcase classname="backend.tests.test_lancely_backend.TestInvoices" name="test_list_invoices_seed" time="0.003" /><testcase classname="backend.tests.test_lancely_backend.TestInvoices" name="test_invoice_lifecycle" time="0.014" /><testcase classname="backend.tests.test_lancely_backend.TestAnalytics" name="test_dashboard_shape" time="0.003" /><testcase classname="backend.tests.test_lancely_backend.TestAnalytics" name="test_reports_pl" time="0.002" /><testcase classname="backend.tests.test_lancely_backend.TestAnalytics" name="test_reminders" time="0.002" /><testcase classname="backend.tests.test_lancely_backend.TestCSVExport" name="test_clients_csv" time="0.002" /><testcase classname="backend.tests.test_lancely_backend.TestCSVExport" name="test_invoices_csv" time="0.002" /><testcase classname="backend.tests.test_lancely_backend.TestCSVExport" name="test_payments_csv" time="0.002" /><testcase classname="backend.tests.test_lancely_backend.TestWebhook" name="test_revenuecat" time="0.001" /><testcase classname="backend.tests.test_lancely_backend.TestTenantScoping" name="test_new_user_sees_no_review_clients" time="0.060" /></testsuite></testsuites>