<?xml version="1.0" encoding="utf-8"?><testsuites name="pytest tests"><testsuite name="pytest" errors="0" failures="0" skipped="0" tests="17" time="2.015" timestamp="2026-06-15T19:17:31.221083+00:00" hostname="agent-env-e218894e-481e-4300-ad3a-15fa19b99c0c"><testcase classname="backend.tests.test_solvio_backend.TestAuth" name="test_demo_session_creates_user_and_token" time="0.009" /><testcase classname="backend.tests.test_solvio_backend.TestAuth" name="test_auth_me_with_token" time="0.090" /><testcase classname="backend.tests.test_solvio_backend.TestAuth" name="test_protected_endpoint_without_auth_returns_401" time="0.296" /><testcase classname="backend.tests.test_solvio_backend.TestAuth" name="test_invalid_bearer_token_rejected" time="0.043" /><testcase classname="backend.tests.test_solvio_backend.TestDashboard" name="test_dashboard_seeded_aggregates" time="0.045" /><testcase classname="backend.tests.test_solvio_backend.TestClients" name="test_list_seeded_three" time="0.045" /><testcase classname="backend.tests.test_solvio_backend.TestClients" name="test_create_get_update_delete_client" time="0.265" /><testcase classname="backend.tests.test_solvio_backend.TestProjects" name="test_list_and_status_transitions" time="0.359" /><testcase classname="backend.tests.test_solvio_backend.TestProjects" name="test_list_seeded_two" time="0.050" /><testcase classname="backend.tests.test_solvio_backend.TestQuotes" name="test_create_quote_auto_number_and_amount" time="0.178" /><testcase classname="backend.tests.test_solvio_backend.TestQuotes" name="test_list_quotes" time="0.045" /><testcase classname="backend.tests.test_solvio_backend.TestInvoices" name="test_create_invoice_auto_number" time="0.056" /><testcase classname="backend.tests.test_solvio_backend.TestInvoices" name="test_invoice_pay_partial_then_full" time="0.062" /><testcase classname="backend.tests.test_solvio_backend.TestInvoices" name="test_invoice_status_patch_marks_paid" time="0.057" /><testcase classname="backend.tests.test_solvio_backend.TestInvoices" name="test_list_auto_marks_overdue" time="0.056" /><testcase classname="backend.tests.test_solvio_backend.TestNotifications" name="test_notifications_include_overdue_and_stale_quote" time="0.049" /><testcase classname="backend.tests.test_solvio_backend.TestTenantIsolation" name="test_two_demo_sessions_are_isolated" time="0.105" /></testsuite></testsuites>